<?xml version="1.0" encoding="UTF-8"?>
<testng-results ignored="0" total="2" passed="1" failed="1" skipped="0">
  <reporter-output>
  </reporter-output>
  <suite started-at="2023-01-25T19:54:10 IST" name="Default suite" finished-at="2023-01-25T19:56:55 IST" duration-ms="164879">
    <groups>
      <group name="cucumber">
        <method signature="AbstractTestNGCucumberTests.runScenario(io.cucumber.testng.PickleWrapper,io.cucumber.testng.FeatureWrapper)[pri:0, instance:PageObject.RunnerRegister@2e8c1c9b]" name="runScenario" class="io.cucumber.testng.AbstractTestNGCucumberTests"/>
      </group> <!-- cucumber -->
    </groups>
    <test started-at="2023-01-25T19:54:10 IST" name="Default test" finished-at="2023-01-25T19:56:55 IST" duration-ms="164879">
      <class name="PageObject.RunnerRegister">
        <test-method is-config="true" signature="setUpClass(org.testng.ITestContext)[pri:0, instance:PageObject.RunnerRegister@2e8c1c9b]" started-at="2023-01-25T19:54:10 IST" name="setUpClass" finished-at="2023-01-25T19:54:10 IST" duration-ms="426" status="PASS">
          <params>
            <param index="0">
              <value>
                <![CDATA[org.testng.TestRunner@48268eec]]>
              </value>
            </param>
          </params>
          <reporter-output>
          </reporter-output>
        </test-method> <!-- setUpClass -->
        <test-method signature="runScenario(io.cucumber.testng.PickleWrapper,io.cucumber.testng.FeatureWrapper)[pri:0, instance:PageObject.RunnerRegister@2e8c1c9b]" started-at="2023-01-25T19:54:10 IST" name="runScenario" description="Runs Cucumber Scenarios" data-provider="scenarios" finished-at="2023-01-25T19:54:34 IST" duration-ms="24019" status="PASS">
          <params>
            <param index="0">
              <value>
                <![CDATA["Login to evernote with valid user"]]>
              </value>
            </param>
            <param index="1">
              <value>
                <![CDATA["Login Page"]]>
              </value>
            </param>
          </params>
          <reporter-output>
          </reporter-output>
        </test-method> <!-- runScenario -->
        <test-method signature="runScenario(io.cucumber.testng.PickleWrapper,io.cucumber.testng.FeatureWrapper)[pri:0, instance:PageObject.RunnerRegister@2e8c1c9b]" started-at="2023-01-25T19:54:34 IST" name="runScenario" description="Runs Cucumber Scenarios" data-provider="scenarios" finished-at="2023-01-25T19:56:55 IST" duration-ms="140345" status="FAIL">
          <params>
            <param index="0">
              <value>
                <![CDATA["Create a task"]]>
              </value>
            </param>
            <param index="1">
              <value>
                <![CDATA["Create a task"]]>
              </value>
            </param>
          </params>
          <exception class="org.openqa.selenium.NoSuchSessionException">
            <message>
              <![CDATA[Session ID is null. Using WebDriver after calling quit()?
Build info: version: '4.3.0', revision: 'a4995e2c09*'
System info: host: 'Atuls-MacBook-Air.local', ip: '2401:4900:1c22:6bf9:b495:7362:461d:5409%en0', os.name: 'Mac OS X', os.arch: 'x86_64', os.version: '13.1', java.version: '17.0.2'
Driver info: org.openqa.selenium.chrome.ChromeDriver
Command: [null, setTimeout {implicit=40000}]
Capabilities {acceptInsecureCerts: false, browserName: chrome, browserVersion: 109.0.5414.119, chrome: {chromedriverVersion: 109.0.5414.74 (e7c5703604da..., userDataDir: /var/folders/2s/8f28myq529j...}, goog:chromeOptions: {debuggerAddress: localhost:56797}, networkConnectionEnabled: false, pageLoadStrategy: normal, platformName: MAC, proxy: Proxy(), se:cdp: ws://localhost:56797/devtoo..., se:cdpVersion: 109.0.5414.119, setWindowRect: true, strictFileInteractability: false, timeouts: {implicit: 0, pageLoad: 300000, script: 30000}, unhandledPromptBehavior: dismiss and notify, webauthn:extension:credBlob: true, webauthn:extension:largeBlob: true, webauthn:virtualAuthenticators: true}]]>
            </message>
            <full-stacktrace>
              <![CDATA[org.openqa.selenium.NoSuchSessionException: Session ID is null. Using WebDriver after calling quit()?
Build info: version: '4.3.0', revision: 'a4995e2c09*'
System info: host: 'Atuls-MacBook-Air.local', ip: '2401:4900:1c22:6bf9:b495:7362:461d:5409%en0', os.name: 'Mac OS X', os.arch: 'x86_64', os.version: '13.1', java.version: '17.0.2'
Driver info: org.openqa.selenium.chrome.ChromeDriver
Command: [null, setTimeout {implicit=40000}]
Capabilities {acceptInsecureCerts: false, browserName: chrome, browserVersion: 109.0.5414.119, chrome: {chromedriverVersion: 109.0.5414.74 (e7c5703604da..., userDataDir: /var/folders/2s/8f28myq529j...}, goog:chromeOptions: {debuggerAddress: localhost:56797}, networkConnectionEnabled: false, pageLoadStrategy: normal, platformName: MAC, proxy: Proxy(), se:cdp: ws://localhost:56797/devtoo..., se:cdpVersion: 109.0.5414.119, setWindowRect: true, strictFileInteractability: false, timeouts: {implicit: 0, pageLoad: 300000, script: 30000}, unhandledPromptBehavior: dismiss and notify, webauthn:extension:credBlob: true, webauthn:extension:largeBlob: true, webauthn:virtualAuthenticators: true}
at org.openqa.selenium.remote.HttpCommandExecutor.execute(HttpCommandExecutor.java:145)
at org.openqa.selenium.remote.service.DriverCommandExecutor.invokeExecute(DriverCommandExecutor.java:167)
at org.openqa.selenium.remote.service.DriverCommandExecutor.execute(DriverCommandExecutor.java:142)
at org.openqa.selenium.remote.RemoteWebDriver.execute(RemoteWebDriver.java:569)
at org.openqa.selenium.remote.RemoteWebDriver$RemoteWebDriverOptions$RemoteTimeouts.implicitlyWait(RemoteWebDriver.java:927)
at PageObject.createTask.create_a_task(createTask.java:29)
at ✽.Create a task(classpath:PageObject/createtaskFeature/createTask.feature:10)
]]>
            </full-stacktrace>
          </exception> <!-- org.openqa.selenium.NoSuchSessionException -->
          <reporter-output>
          </reporter-output>
        </test-method> <!-- runScenario -->
        <test-method is-config="true" signature="tearDownClass()[pri:0, instance:PageObject.RunnerRegister@2e8c1c9b]" started-at="2023-01-25T19:56:55 IST" name="tearDownClass" finished-at="2023-01-25T19:56:55 IST" duration-ms="14" status="PASS">
          <reporter-output>
          </reporter-output>
        </test-method> <!-- tearDownClass -->
      </class> <!-- PageObject.RunnerRegister -->
    </test> <!-- Default test -->
  </suite> <!-- Default suite -->
</testng-results>
